<?xml version="1.0" encoding="UTF-8"?>
<testsuite xmlns:xsi="http://www.w3.org/2001/XMLSchema-instance" xsi:noNamespaceSchemaLocation="https://maven.apache.org/surefire/maven-surefire-plugin/xsd/surefire-test-report-3.0.xsd" version="3.0" name="by.brest.karas.dao.jdbc.CustomerDaoJdbcMockTest" time="13.601" tests="1" errors="0" skipped="0" failures="0">
  <properties>
[...]
</properties>
  <testcase name="findAllTest" classname="by.brest.karas.dao.jdbc.CustomerDaoJdbcMockTest" time="13.407">
    <system-out><![CDATA[19:13:25 [main] DEBUG by.brest.karas.dao.jdbc.CustomerDaoJdbc - Find all customers
]]></system-out>
  </testcase>
</testsuite>